<?xml version="1.0" encoding="UTF-8"?>
<testng-results ignored="0" total="1" passed="1" failed="0" skipped="0">
  <reporter-output>
    <line>
      <![CDATA[GIVEN current date-time is '2020-04-22T09:00']]>
    </line>
    <line>
      <![CDATA[WHEN I check if car '0000AAA' is illegally parked at area with rate 'GREEN_ZONE']]>
    </line>
    <line>
      <![CDATA[THEN illegally parked car should be 'false']]>
    </line>
  </reporter-output>
  <suite started-at="2021-03-22T07:09:37 CET" name="ForCheckingCars_Test_Suite" finished-at="2021-03-22T07:09:37 CET" duration-ms="75">
    <groups>
      <group name="hardcodedHexagon">
        <method signature="IllegallyParkedCarTest.hardCodedHexagonTest()[pri:0, instance:io.github.jmgarridopaz.bluezone.adapter.forcheckingcars.test.testcases.IllegallyParkedCarTest@4b0b0854]" name="hardCodedHexagonTest" class="io.github.jmgarridopaz.bluezone.adapter.forcheckingcars.test.testcases.IllegallyParkedCarTest"/>
      </group> <!-- hardcodedHexagon -->
    </groups>
    <test started-at="2021-03-22T07:09:37 CET" name="IllegallyParkedCar_Test" finished-at="2021-03-22T07:09:37 CET" duration-ms="75">
      <class name="io.github.jmgarridopaz.bluezone.adapter.forcheckingcars.test.testcases.IllegallyParkedCarTest">
        <test-method signature="hardCodedHexagonTest()[pri:0, instance:io.github.jmgarridopaz.bluezone.adapter.forcheckingcars.test.testcases.IllegallyParkedCarTest@4b0b0854]" started-at="2021-03-22T07:09:37 CET" name="hardCodedHexagonTest" finished-at="2021-03-22T07:09:37 CET" duration-ms="49" status="PASS">
          <reporter-output>
            <line>
              <![CDATA[GIVEN current date-time is '2020-04-22T09:00']]>
            </line>
            <line>
              <![CDATA[WHEN I check if car '0000AAA' is illegally parked at area with rate 'GREEN_ZONE']]>
            </line>
            <line>
              <![CDATA[THEN illegally parked car should be 'false']]>
            </line>
          </reporter-output>
        </test-method> <!-- hardCodedHexagonTest -->
      </class> <!-- io.github.jmgarridopaz.bluezone.adapter.forcheckingcars.test.testcases.IllegallyParkedCarTest -->
    </test> <!-- IllegallyParkedCar_Test -->
  </suite> <!-- ForCheckingCars_Test_Suite -->
</testng-results>
